2024-12-03 20:28:20,575 - INFO - Conexión establecida con ZODB.
2024-12-03 20:28:20,575 - INFO - Transacción iniciada.
2024-12-03 20:28:20,575 - INFO - Videojuego con ID 1 creada exitosamente.
2024-12-03 20:28:20,575 - INFO - Videojuego con ID 2 creada exitosamente.
2024-12-03 20:28:20,576 - INFO - Transacción confirmada.
2024-12-03 20:28:20,576 - INFO - ID: 1, Nombre: The Legend of Zelda: Tears of the Kingdom, Género: aventura, Desarrollador: nintendo, Plataforma: Switch, Fecha Lanzamiento: 12-05-2023
2024-12-03 20:28:20,576 - INFO - ID: 2, Nombre: Minecraft, Género: sandbox, Desarrollador: Mojang, Plataforma: PC, Fecha Lanzamiento: 18-11-2011
2024-12-03 20:28:20,577 - INFO - Transacción iniciada.
2024-12-03 20:28:20,577 - INFO - Videojuego con ID 1 actualizada exitosamente.
2024-12-03 20:28:20,577 - INFO - Transacción confirmada.
2024-12-03 20:28:20,577 - INFO - Transacción iniciada.
2024-12-03 20:28:20,578 - INFO - Videojuego con ID 2 eliminada exitosamente.
2024-12-03 20:28:20,578 - INFO - Transacción confirmada.
2024-12-03 20:28:20,578 - INFO - ID: 1, Nombre: The Legend of Zelda: Breath of the Wild, Género: mundo abierto, Desarrollador: nintendo, Plataforma: WiiU, Fecha Lanzamiento: 03-03-2017
2024-12-03 20:28:20,580 - INFO - Conexión a ZODB cerrada.
2024-12-03 20:31:52,168 - INFO - Conexión establecida con ZODB.
2024-12-03 20:31:52,168 - INFO - Transacción iniciada.
2024-12-03 20:31:52,169 - INFO - Videojuego con ID 1 creada exitosamente.
2024-12-03 20:31:52,169 - INFO - Videojuego con ID 2 creada exitosamente.
2024-12-03 20:31:52,169 - INFO - Videojuego con ID 3 creada exitosamente.
2024-12-03 20:31:52,169 - INFO - Transacción confirmada.
2024-12-03 20:31:52,169 - INFO - Transacción iniciada.
2024-12-03 20:31:52,169 - ERROR - Error al crear la videojuego con ID 2: Ya existe una videojuego con ID 2.
2024-12-03 20:31:52,170 - INFO - Transacción confirmada.
2024-12-03 20:31:52,170 - INFO - ID: 1, Nombre: The Legend of Zelda: Tears of the Kingdom, Género: aventura, Desarrollador: nintendo, Plataforma: Switch, Fecha Lanzamiento: 12-05-2023
2024-12-03 20:31:52,170 - INFO - ID: 2, Nombre: Minecraft, Género: sandbox, Desarrollador: Mojang, Plataforma: PC, Fecha Lanzamiento: 18-11-2011
2024-12-03 20:31:52,170 - INFO - ID: 3, Nombre: FIFA 24, Género: deportes, Desarrollador: EA Sports, Plataforma: Ps5, Fecha Lanzamiento: 30-09-2023
2024-12-03 20:31:52,170 - INFO - Transacción iniciada.
2024-12-03 20:31:52,170 - INFO - Videojuego con ID 1 actualizada exitosamente.
2024-12-03 20:31:52,170 - INFO - Transacción confirmada.
2024-12-03 20:31:52,170 - INFO - Transacción iniciada.
2024-12-03 20:31:52,170 - INFO - Videojuego con ID 2 eliminada exitosamente.
2024-12-03 20:31:52,171 - INFO - Transacción confirmada.
2024-12-03 20:31:52,171 - INFO - ID: 1, Nombre: The Legend of Zelda: Breath of the Wild, Género: mundo abierto, Desarrollador: nintendo, Plataforma: WiiU, Fecha Lanzamiento: 03-03-2017
2024-12-03 20:31:52,171 - INFO - ID: 3, Nombre: FIFA 24, Género: deportes, Desarrollador: EA Sports, Plataforma: Ps5, Fecha Lanzamiento: 30-09-2023
2024-12-03 20:31:52,173 - INFO - Conexión a ZODB cerrada.
2024-12-03 20:33:23,353 - INFO - Conexión establecida con ZODB.
2024-12-03 20:33:23,353 - INFO - Transacción iniciada.
2024-12-03 20:33:23,353 - INFO - Videojuego con ID 1 creado exitosamente.
2024-12-03 20:33:23,353 - INFO - Videojuego con ID 2 creado exitosamente.
2024-12-03 20:33:23,353 - INFO - Videojuego con ID 3 creado exitosamente.
2024-12-03 20:33:23,353 - INFO - Transacción confirmada.
2024-12-03 20:33:23,353 - INFO - Transacción iniciada.
2024-12-03 20:33:23,354 - ERROR - Error al crear la videojuego con ID 2: Ya existe un videojuego con ID 2.
2024-12-03 20:33:23,354 - INFO - Transacción confirmada.
2024-12-03 20:33:23,354 - INFO - ID: 1, Nombre: The Legend of Zelda: Tears of the Kingdom, Género: aventura, Desarrollador: nintendo, Plataforma: Switch, Fecha Lanzamiento: 12-05-2023
2024-12-03 20:33:23,354 - INFO - ID: 2, Nombre: Minecraft, Género: sandbox, Desarrollador: Mojang, Plataforma: PC, Fecha Lanzamiento: 18-11-2011
2024-12-03 20:33:23,354 - INFO - ID: 3, Nombre: FIFA 24, Género: deportes, Desarrollador: EA Sports, Plataforma: Ps5, Fecha Lanzamiento: 30-09-2023
2024-12-03 20:33:23,354 - INFO - Transacción iniciada.
2024-12-03 20:33:23,354 - INFO - Videojuego con ID 1 actualizada exitosamente.
2024-12-03 20:33:23,354 - INFO - Transacción confirmada.
2024-12-03 20:33:23,354 - INFO - Transacción iniciada.
2024-12-03 20:33:23,354 - ERROR - Error al eliminar la videojuego con ID 4: No existe una videojuego con ID 4.
2024-12-03 20:33:23,355 - INFO - Transacción confirmada.
2024-12-03 20:33:23,355 - INFO - ID: 1, Nombre: The Legend of Zelda: Breath of the Wild, Género: mundo abierto, Desarrollador: nintendo, Plataforma: WiiU, Fecha Lanzamiento: 03-03-2017
2024-12-03 20:33:23,355 - INFO - ID: 2, Nombre: Minecraft, Género: sandbox, Desarrollador: Mojang, Plataforma: PC, Fecha Lanzamiento: 18-11-2011
2024-12-03 20:33:23,355 - INFO - ID: 3, Nombre: FIFA 24, Género: deportes, Desarrollador: EA Sports, Plataforma: Ps5, Fecha Lanzamiento: 30-09-2023
2024-12-03 20:33:23,357 - INFO - Conexión a ZODB cerrada.
